\BOOKMARK [0][-]{section*.1}{\376\377\000C\000o\000n\000t\000e\000n\000t\000s}{}% 1
\BOOKMARK [0][-]{chapter*.2}{\376\377\000I\000n\000t\000r\000o\000d\000u\000c\000t\000i\000o\000n}{}% 2
\BOOKMARK [0][-]{chapter*.3}{\376\377\000T\000h\000e\000\040\000L\000i\000s\000t\000\040\000o\000f\000\040\000t\000h\000e\000\040\0001\0005\000\040\000Y\000o\000g\000a\000s}{}% 3
\BOOKMARK [1][-]{section*.4}{\376\377\000L\000a\000k\036\143\000y\000a\000y\000o\000g\000a}{chapter*.3}% 4
\BOOKMARK [0][-]{chapter*.5}{\376\377\000S\000o\000u\000r\000c\000e\000s}{}% 5
\BOOKMARK [1][-]{section*.6}{\376\377\000T\000h\000e\000\040\000A\000d\000d\000i\000t\000i\000o\000n\000s\000\040\000o\000f\000\040\000S\000O\000R\000I\000\040\0006\0000\0008\0002\000\040\000-\000\040\000U\0002}{chapter*.5}% 6
\BOOKMARK [0][-]{chapter*.7}{\376\377\000C\000o\000n\000v\000e\000n\000t\000i\000o\000n\000s\000\040\000i\000n\000\040\000t\000h\000e\000\040\000C\000r\000i\000t\000i\000c\000a\000l\000\040\000A\000p\000p\000a\000r\000a\000t\000u\000s}{}% 7
\BOOKMARK [1][-]{section*.8}{\376\377\000S\000i\000g\000l\000a\000\040\000i\000n\000\040\000t\000h\000e\000\040\000C\000r\000i\000t\000i\000c\000a\000l\000\040\000A\000p\000p\000a\000r\000a\000t\000u\000s}{chapter*.7}% 8
\BOOKMARK [1][-]{section*.9}{\376\377\000A\000b\000b\000r\000e\000v\000i\000a\000t\000i\000o\000n\000s}{chapter*.7}% 9
\BOOKMARK [1][-]{section*.10}{\376\377\000M\000a\000r\000k\000i\000n\000g\000\040\000t\000h\000e\000\040\000R\000e\000l\000i\000a\000b\000i\000l\000i\000t\000y\000\040\000o\000f\000\040\000S\000o\000u\000r\000c\000e\000s\000\040\000a\000n\000d\000\040\000T\000e\000s\000t\000i\000m\000o\000n\000i\000a\000\040\000i\000n\000\040\000t\000h\000e\000\040\000C\000r\000i\000t\000i\000c\000a\000l\000\040\000A\000p\000p\000a\000r\000a\000t\000u\000s}{chapter*.7}% 10
\BOOKMARK [1][-]{section*.11}{\376\377\000P\000u\000n\000c\000t\000u\000a\000t\000i\000o\000n}{chapter*.7}% 11
\BOOKMARK [1][-]{section*.12}{\376\377\000S\000a\000n\000d\000h\000i}{chapter*.7}% 12
\BOOKMARK [1][-]{section*.13}{\376\377\000C\000l\000a\000s\000s\000\040\000N\000a\000s\000a\000l\000s}{chapter*.7}% 13
\BOOKMARK [1][-]{section*.14}{\376\377\000L\000i\000s\000t\000s}{chapter*.7}% 14
\BOOKMARK [1][-]{section*.15}{\376\377\000S\000t\000r\000u\000c\000t\000u\000r\000a\000l\000\040\000A\000n\000a\000l\000y\000s\000i\000s\000\040\000o\000f\000\040\000t\000h\000e\000\040\000Y\000o\000g\000a\000t\000a\000t\000t\000v\000a\000b\000i\000n\000d\000u}{chapter*.7}% 15
\BOOKMARK [0][-]{chapter*.16}{\376\377\000C\000r\000i\000t\000i\000c\000a\000l\000\040\000E\000d\000i\000t\000i\000o\000n\000\040\000\046\000\040\000A\000n\000n\000o\000t\000a\000t\000e\000d\000\040\000T\000r\000a\000n\000s\000l\000a\000t\000i\000o\000n}{}% 16
\BOOKMARK [0][-]{chapter*.17}{\376\377\000B\000i\000b\000l\000i\000o\000g\000r\000a\000p\000h\000y}{}% 17
\BOOKMARK [1][-]{section*.19}{\376\377\000C\000o\000n\000s\000u\000l\000t\000e\000d\000\040\000M\000a\000n\000u\000s\000k\000r\000i\000p\000t\000s}{chapter*.17}% 18
\BOOKMARK [1][-]{section*.21}{\376\377\000P\000r\000i\000n\000t\000e\000d\000\040\000E\000d\000i\000t\000i\000o\000n\000s}{chapter*.17}% 19
\BOOKMARK [1][-]{section*.23}{\376\377\000S\000e\000c\000o\000n\000d\000a\000r\000y\000\040\000L\000i\000t\000e\000r\000a\000t\000u\000r\000e}{chapter*.17}% 20
