\BOOKMARK [0][-]{section*.1}{\376\377\000C\000o\000n\000t\000e\000n\000t\000s}{}% 1
\BOOKMARK [0][-]{chapter.1}{\376\377\000I\000n\000t\000r\000o\000d\000u\000c\000t\000i\000o\000n}{}% 2
\BOOKMARK [1][-]{section.1.1}{\376\377\000G\000e\000n\000e\000r\000a\000l\000\040\000r\000e\000m\000a\000r\000k\000s}{chapter.1}% 3
\BOOKMARK [1][-]{section.1.2}{\376\377\000D\000a\000t\000i\000n\000g\000\040\000t\000h\000e\000\040\000Y\000o\000g\000a\000t\000a\000t\000t\000v\000a\000b\000i\000n\000d\000u}{chapter.1}% 4
\BOOKMARK [2][-]{subsection.1.2.1}{\376\377\000I\000m\000p\000l\000i\000c\000a\000t\000i\000o\000n\000s\000\040\000f\000o\000r\000\040\000t\000h\000e\000\040\000d\000a\000t\000i\000n\000g\000\040\000o\000f\000\040\000t\000h\000e\000\040\000Y\000o\000g\000a\000s\000v\000a\000r\000o\000d\000a\000y\000a\000\040\000a\000n\000d\000\040\000t\000h\000e\000\040\000S\000i\000d\000d\000h\000a\000s\000i\000d\000d\000h\001\001\000n\000t\000a\000p\000a\000d\000d\000h\000a\000t\000i}{section.1.2}% 5
\BOOKMARK [1][-]{section.1.3}{\376\377\000S\000y\000n\000o\000p\000s\000i\000s\000\040\000o\000f\000\040\000t\000h\000e\000\040\000Y\000o\000g\000a\000t\000a\000t\000t\000v\000a\000b\000i\000n\000d\000u\000'\000s\000\040\000c\000o\000n\000t\000e\000n\000t\000s}{chapter.1}% 6
\BOOKMARK [1][-]{section.1.4}{\376\377\000R\001\001\000m\000a\000c\000a\000n\000d\000r\000a\000'\000s\000\040\000a\000u\000d\000i\000e\000n\000c\000e}{chapter.1}% 7
\BOOKMARK [1][-]{section.1.5}{\376\377\000E\000d\000i\000t\000o\000r\000i\000a\000l\000\040\000m\000a\000t\000t\000e\000r\000s}{chapter.1}% 8
\BOOKMARK [2][-]{subsection.1.5.1}{\376\377\000D\000e\000s\000c\000r\000i\000p\000t\000i\000o\000n\000\040\000o\000f\000\040\000t\000h\000e\000\040\000c\000o\000n\000s\000u\000l\000t\000e\000d\000\040\000m\000a\000n\000u\000s\000s\000c\000r\000i\000p\000t\000s}{section.1.5}% 9
\BOOKMARK [2][-]{subsection.1.5.2}{\376\377\000M\000a\000n\000u\000s\000c\000r\000i\000p\000t\000s\000\040\000n\000o\000t\000\040\000c\000o\000n\000s\000u\000l\000t\000e\000d}{section.1.5}% 10
\BOOKMARK [2][-]{subsection.1.5.3}{\376\377\000D\000i\000s\000c\000u\000s\000s\000i\000o\000n\000\040\000o\000f\000\040\000t\000h\000e\000\040\000t\000i\000t\000l\000e}{section.1.5}% 11
\BOOKMARK [2][-]{subsection.1.5.4}{\376\377\000D\000e\000s\000c\000r\000i\000p\000t\000i\000o\000n\000\040\000o\000f\000\040\000t\000h\000e\000\040\000S\000o\000u\000r\000c\000e\000s}{section.1.5}% 12
\BOOKMARK [3][-]{subsubsection.1.5.4.1}{\376\377\000Y\000o\000g\000a\000s\000v\000a\000r\000o\000d\000a\000y\000a}{subsection.1.5.4}% 13
\BOOKMARK [3][-]{subsubsection.1.5.4.2}{\376\377\000P\000r\001\001\036\107\000a\000t\000o\036\143\000i\036\107\001\053}{subsection.1.5.4}% 14
\BOOKMARK [3][-]{subsubsection.1.5.4.3}{\376\377\000Y\000o\000g\000a\000k\000a\036\107\000i\000k\001\001}{subsection.1.5.4}% 15
\BOOKMARK [3][-]{subsubsection.1.5.4.4}{\376\377\000A\000m\000a\000r\000a\000u\000g\000h\000a\001\133\001\001\000s\000a\000n\000a}{subsection.1.5.4}% 16
\BOOKMARK [3][-]{subsubsection.1.5.4.5}{\376\377\000S\000i\000d\000d\000h\000a\000s\000i\000d\000d\000h\001\001\000n\000t\000a\000p\000a\000d\000d\000h\000a\000t\000i}{subsection.1.5.4}% 17
\BOOKMARK [3][-]{subsubsection.1.5.4.6}{\376\377\000A\000m\000a\000r\000a\000k\000o\001\133\000a}{subsection.1.5.4}% 18
\BOOKMARK [3][-]{subsubsection.1.5.4.7}{\376\377\000A\000m\000a\000n\000a\000s\000k\000a}{subsection.1.5.4}% 19
\BOOKMARK [2][-]{subsection.1.5.5}{\376\377\000D\000e\000s\000c\000r\000i\000p\000t\000i\000o\000n\000\040\000o\000f\000\040\000t\000h\000e\000\040\000T\000e\000s\000t\000i\000m\000o\000n\000i\000a}{section.1.5}% 20
\BOOKMARK [3][-]{subsubsection.1.5.5.1}{\376\377\000Y\000o\000g\000a\000s\000a\036\103\000g\000r\000a\000h\000a}{subsection.1.5.5}% 21
\BOOKMARK [3][-]{subsubsection.1.5.5.2}{\376\377\000H\000a\036\155\000h\000a\000s\000a\036\105\000k\000e\000t\000a\000c\000a\000n\000d\000r\000i\000k\001\001}{subsection.1.5.5}% 22
\BOOKMARK [2][-]{subsection.1.5.6}{\376\377\000C\000o\000n\000v\000e\000n\000t\000i\000o\000n\000s\000\040\000i\000n\000\040\000t\000h\000e\000\040\000C\000r\000i\000t\000i\000c\000a\000l\000\040\000A\000p\000p\000a\000r\000a\000t\000u\000s}{section.1.5}% 23
\BOOKMARK [2][-]{subsection.1.5.7}{\376\377\000S\000i\000g\000l\000a\000\040\000i\000n\000\040\000t\000h\000e\000\040\000C\000r\000i\000t\000i\000c\000a\000l\000\040\000A\000p\000p\000a\000r\000a\000t\000u\000s}{section.1.5}% 24
\BOOKMARK [2][-]{subsection.1.5.8}{\376\377\000T\000h\000e\000\040\000o\000r\000i\000g\000i\000n\000a\000l\000\040\000t\000i\000t\000l\000e\000\040\000o\000f\000\040\000t\000h\000e\000\040\000w\000o\000r\000k}{section.1.5}% 25
\BOOKMARK [2][-]{subsection.1.5.9}{\376\377\000A\000b\000b\000r\000e\000v\000i\000a\000t\000i\000o\000n\000s}{section.1.5}% 26
\BOOKMARK [0][-]{chapter.2}{\376\377\000C\000o\000m\000p\000a\000r\000a\000t\000i\000v\000e\000\040\000a\000n\000a\000l\000y\000s\000i\000s\000\040\000o\000f\000\040\000t\000h\000e\000\040\000c\000o\000m\000p\000l\000e\000x\000\040\000e\000a\000r\000l\000y\000\040\000m\000o\000d\000e\000r\000n\000\040\000Y\000o\000g\000a\000\040\000t\000a\000x\000o\000n\000o\000m\000i\000e\000s}{}% 27
\BOOKMARK [1][-]{section.2.1}{\376\377\000C\000o\000n\000t\000e\000x\000t\000u\000a\000l\000i\000s\000i\000n\000g\000\040\000t\000h\000e\000\040\000f\000o\000u\000r\000\040\000t\000e\000x\000t\000s\000\040\000w\000i\000t\000h\000\040\000c\000o\000m\000p\000l\000e\000x\000\040\000Y\000o\000g\000a\000\040\000t\000a\000x\000o\000n\000o\000m\000i\000e\000s}{chapter.2}% 28
\BOOKMARK [2][-]{subsection.2.1.1}{\376\377\000Y\000o\000g\000a\000t\000a\000t\000t\000v\000a\000b\000i\000n\000d\000u}{section.2.1}% 29
\BOOKMARK [2][-]{subsection.2.1.2}{\376\377\000Y\000o\000g\000a\000s\000v\000a\000r\000o\000d\000a\000y\000a}{section.2.1}% 30
\BOOKMARK [2][-]{subsection.2.1.3}{\376\377\000Y\000o\000g\000a\000s\000i\000d\000d\000h\001\001\000n\000t\000a\000c\000a\000n\000d\000r\000i\000k\001\001}{section.2.1}% 31
\BOOKMARK [2][-]{subsection.2.1.4}{\376\377\000S\000a\000r\000v\001\001\036\105\000g\000a\000y\000o\000g\000a\000p\000r\000a\000d\001\053\000p\000i\000k\001\001}{section.2.1}% 32
\BOOKMARK [1][-]{section.2.2}{\376\377\000C\000o\000m\000p\000a\000r\000i\000s\000o\000n\000\040\000o\000f\000\040\000t\000h\000e\000\040\000i\000n\000d\000i\000v\000i\000d\000u\000a\000l\000\040\000Y\000o\000g\000a\000\040\000c\000a\000t\000e\000g\000o\000r\000i\000e\000s\000\040\000i\000n\000\040\000t\000h\000e\000\040\000f\000o\000u\000r\000\040\000t\000e\000x\000t\000s\000\040\000o\000f\000\040\000t\000h\000e\000\040\000c\000o\000m\000p\000l\000e\000y\000\040\000Y\000o\000g\000a\000\040\000t\000a\000x\000o\000n\000o\000m\000i\000e\000s}{chapter.2}% 33
\BOOKMARK [1][-]{section.2.3}{\376\377\000K\000r\000i\000y\001\001\000y\000o\000g\000a}{chapter.2}% 34
\BOOKMARK [2][-]{subsection.2.3.1}{\376\377\000K\000r\000i\000y\001\001\000y\000o\000g\000a\000\040\000i\000n\000\040\000t\000h\000e\000\040\000Y\000o\000g\000a\000t\000a\000t\000t\000v\000a\000b\000i\000n\000d\000u}{section.2.3}% 35
\BOOKMARK [2][-]{subsection.2.3.2}{\376\377\000K\000r\000i\000y\001\001\000y\000o\000g\000a\000\040\000i\000n\000\040\000t\000h\000e\000\040\000Y\000o\000g\000a\000s\000v\000a\000r\000o\000d\000a\000y\000a}{section.2.3}% 36
\BOOKMARK [2][-]{subsection.2.3.3}{\376\377\000K\000r\000i\000y\001\001\000y\000o\000g\000a\000\040\000i\000n\000\040\000t\000h\000e\000\040\000Y\000o\000g\000a\000s\000i\000d\000d\000h\001\001\000n\000t\000a\000c\000a\000n\000d\000r\000i\000k\001\001}{section.2.3}% 37
\BOOKMARK [2][-]{subsection.2.3.4}{\376\377\000K\000r\000i\000y\001\001\000y\000o\000g\000a\000\040\000i\000n\000\040\000t\000h\000e\000\040\000c\000o\000m\000p\000l\000e\000x\000\040\000e\000a\000r\000l\000y\000\040\000m\000o\000d\000e\000r\000n\000\040\000Y\000o\000g\000a\000\040\000t\000a\000x\000o\000n\000o\000m\000i\000e\000s}{section.2.3}% 38
\BOOKMARK [2][-]{subsection.2.3.5}{\376\377\000E\000x\000c\000u\000r\000s\000u\000s\000:\000\040\000P\000o\000p\000u\000l\000a\000r\000i\000s\000a\000t\000i\000o\000n\000\040\000o\000f\000\040\000a\000\040\000n\000e\000w\000\040\000K\000r\000i\000y\001\001\000y\000o\000g\000a\000\040\000i\000n\000\040\000a\000\040\000g\000l\000o\000b\000a\000l\000\040\000c\000o\000n\000t\000e\000x\000t}{section.2.3}% 39
\BOOKMARK [2][-]{subsection.2.3.6}{\376\377\000T\000h\000e\000\040\000K\000r\000i\000y\001\001\000y\000o\000g\000a\000s\000\040\000o\000f\000\040\000t\000h\000e\000\040\000l\000i\000n\000e\000a\000g\000e\000s\000\040\000o\000f\000\040\000P\000a\000r\000a\000m\000a\000h\000a\036\103\000s\000a\000\040\000Y\000o\000g\001\001\000n\000a\000n\000d\000a\000,\000\040\000S\000v\001\001\000m\001\053\000\040\001\132\000i\000v\001\001\000n\000a\000n\000d\000a\000\040\000S\000a\000r\000a\000s\000v\000a\000t\001\053\000\040\000a\000n\000d\000\040\000R\000a\000m\000a\000i\000a\000h}{section.2.3}% 40
\BOOKMARK [3][-]{subsubsection.2.3.6.1}{\376\377\000D\000e\000f\000i\000n\000i\000t\000i\000o\000n\000s}{subsection.2.3.6}% 41
\BOOKMARK [3][-]{subsubsection.2.3.6.2}{\376\377\000H\000i\000s\000t\000o\000r\000i\000e\000s\000\040\000o\000f\000\040\000t\000h\000e\000\040\000n\000e\000w\000\040\000f\000o\000r\000m\000s\000\040\000o\000f\000\040\000K\000r\000i\000y\001\001\000y\000o\000g\000a\000\040\000f\000r\000o\000m\000\040\000a\000n\000\040\000e\000m\000i\000c\000\040\000p\000e\000r\000s\000p\000e\000c\000t\000i\000v\000e}{subsection.2.3.6}% 42
\BOOKMARK [3][-]{subsubsection.2.3.6.3}{\376\377\000T\000h\000e\000\040\000p\000r\000a\000c\000t\000i\000c\000e\000\040\000o\000f\000\040\000t\000h\000e\000\040\000n\000e\000w\000\040\000K\000r\000i\000y\001\001\000y\000o\000g\000a}{subsection.2.3.6}% 43
\BOOKMARK [3][-]{subsubsection.2.3.6.4}{\376\377\000H\000y\000p\000o\000t\000h\000e\000s\000i\000s\000\040\000o\000n\000\040\000t\000h\000e\000\040\000t\000r\000a\000n\000s\000i\000t\000i\000o\000n\000\040\000f\000r\000o\000m\000\040\000t\000h\000e\000\040\000l\000a\000t\000e\000\040\000m\000e\000d\000i\000e\000v\000a\000l\000\040\000m\000o\000d\000e\000l\000s\000\040\000t\000o\000\040\000t\000h\000e\000\040\000m\000o\000d\000e\000r\000n\000\040\000m\000o\000d\000e\000l\000s\000\040\000o\000f\000\040\000K\000r\000i\000y\001\001\000y\000o\000g\000a}{subsection.2.3.6}% 44
\BOOKMARK [1][-]{section.2.4}{\376\377\000J\000\361\001\001\000n\000a\000y\000o\000g\000a}{chapter.2}% 45
\BOOKMARK [2][-]{subsection.2.4.1}{\376\377\000J\000\361\001\001\000n\000a\000y\000o\000g\000a\000\040\000i\000n\000\040\000t\000h\000e\000\040\000Y\000o\000g\000a\000t\000a\000t\000t\000v\000a\000b\000i\000n\000d\000u}{section.2.4}% 46
\BOOKMARK [2][-]{subsection.2.4.2}{\376\377\000J\000\361\001\001\000n\000a\000y\000o\000g\000a\000\040\000i\000n\000\040\000t\000h\000e\000\040\000Y\000o\000g\000a\000s\000v\000a\000r\000o\000d\000a\000y\000a}{section.2.4}% 47
\BOOKMARK [2][-]{subsection.2.4.3}{\376\377\000J\000\361\001\001\000n\000a\000y\000o\000g\000a\000\040\000i\000n\000\040\000t\000h\000e\000\040\000Y\000o\000g\000a\000s\000i\000d\000d\000h\001\001\000n\000t\000a\000c\000a\000n\000d\000r\000i\000k\001\001}{section.2.4}% 48
\BOOKMARK [2][-]{subsection.2.4.4}{\376\377\000J\000\361\001\001\000n\000a\000y\000o\000g\000a\000\040\000i\000n\000\040\000t\000h\000e\000\040\000S\000a\000r\000v\001\001\036\105\000g\000a\000y\000o\000g\000a\000p\000r\000a\000d\001\053\000p\000i\000k\001\001}{section.2.4}% 49
\BOOKMARK [2][-]{subsection.2.4.5}{\376\377\000J\000\361\001\001\000n\000a\000y\000o\000g\000a\000\040\000i\000n\000\040\000t\000h\000e\000\040\000c\000o\000m\000p\000l\000e\000x\000\040\000e\000a\000r\000l\000y\000\040\000m\000o\000d\000e\000r\000n\000\040\000Y\000o\000g\000a\000\040\000t\000a\000x\000o\000n\000o\000m\000i\000e\000s}{section.2.4}% 50
\BOOKMARK [1][-]{section.2.5}{\376\377\000C\000a\000r\000y\001\001\000y\000o\000g\000a}{chapter.2}% 51
\BOOKMARK [2][-]{subsection.2.5.1}{\376\377\000C\000a\000r\000y\001\001\000y\000o\000g\000a\000\040\000i\000n\000\040\000t\000h\000e\000\040\000Y\000o\000g\000a\000t\000a\000t\000t\000v\000a\000b\000i\000n\000d\000u}{section.2.5}% 52
\BOOKMARK [2][-]{subsection.2.5.2}{\376\377\000C\000a\000r\000y\001\001\000y\000o\000g\000a\000\040\000i\000n\000\040\000t\000h\000e\000\040\000Y\000o\000g\000a\000s\000v\000a\000r\000o\000d\000a\000y\000a}{section.2.5}% 53
\BOOKMARK [2][-]{subsection.2.5.3}{\376\377\000C\000a\000r\000y\001\001\000y\000o\000g\000a\000\040\000i\000n\000\040\000t\000h\000e\000\040\000Y\000o\000g\000a\000s\000i\000d\000d\000h\001\001\000n\000t\000a\000c\000a\000n\000d\000r\000i\000k\001\001}{section.2.5}% 54
\BOOKMARK [2][-]{subsection.2.5.4}{\376\377\000C\000a\000r\000c\001\001\000y\000o\000g\000a\000\040\000i\000n\000\040\000t\000h\000e\000\040\000S\000a\000r\000v\001\001\036\105\000g\000a\000y\000o\000g\000a\000p\000r\000a\000d\001\053\000p\000i\000k\001\001}{section.2.5}% 55
\BOOKMARK [2][-]{subsection.2.5.5}{\376\377\000C\000a\000r\000y\001\001\000y\000o\000g\000a\000\040\000i\000n\000\040\000t\000h\000e\000\040\000c\000o\000m\000p\000l\000e\000x\000\040\000e\000a\000r\000l\000y\000\040\000m\000o\000d\000e\000r\000n\000\040\000Y\000o\000g\000a\000\040\000t\000a\000x\000o\000n\000o\000m\000i\000e\000s}{section.2.5}% 56
\BOOKMARK [1][-]{section.2.6}{\376\377\000H\000a\036\155\000h\000a\000y\000o\000g\000a}{chapter.2}% 57
\BOOKMARK [2][-]{subsection.2.6.1}{\376\377\000H\000a\036\155\000h\000a\000y\000o\000g\000a\000\040\000i\000n\000\040\000t\000h\000e\000\040\000Y\000o\000g\000a\000t\000a\000t\000t\000v\000a\000b\000i\000n\000d\000u\000\040\000a\000n\000d\000\040\000Y\000o\000g\000a\000s\000v\000a\000r\000o\000d\000a\000y\000a}{section.2.6}% 58
\BOOKMARK [2][-]{subsection.2.6.2}{\376\377\000H\000a\036\155\000h\000a\000y\000o\000g\000a\000\040\000i\000n\000\040\000t\000h\000e\000\040\000Y\000o\000g\000a\000s\000i\000d\000d\000h\001\001\000n\000t\000a\000c\000a\000n\000d\000r\000i\000k\001\001}{section.2.6}% 59
\BOOKMARK [2][-]{subsection.2.6.3}{\376\377\000H\000a\036\155\000h\000a\000y\000o\000g\000a\000\040\000i\000n\000\040\000t\000h\000e\000\040\000S\000a\000r\000v\001\001\036\105\000g\000a\000y\000o\000g\000a\000p\000r\000a\000d\001\053\000p\000i\000k\001\001}{section.2.6}% 60
\BOOKMARK [2][-]{subsection.2.6.4}{\376\377\000H\000a\036\155\000h\000a\000y\000o\000g\000a\000\040\000i\000n\000\040\000t\000h\000e\000\040\000c\000o\000m\000p\000l\000e\000x\000\040\000e\000a\000r\000l\000y\000\040\000m\000o\000d\000e\000r\000n\000\040\000Y\000o\000g\000a\000\040\000t\000a\000x\000o\000n\000o\000m\000i\000e\000s}{section.2.6}% 61
\BOOKMARK [1][-]{section.2.7}{\376\377\000K\000a\000r\000m\000a\000y\000o\000g\000a}{chapter.2}% 62
\BOOKMARK [2][-]{subsection.2.7.1}{\376\377\000K\000a\000r\000m\000a\000y\000o\000g\000a\000\040\000i\000n\000\040\000t\000h\000e\000\040\000Y\000o\000g\000a\000t\000a\000t\000t\000v\000a\000b\000i\000n\000d\000u\000\040\000a\000n\000d\000\040\000Y\000o\000g\000a\000s\000v\000a\000r\000o\000d\000a\000y\000a}{section.2.7}% 63
\BOOKMARK [2][-]{subsection.2.7.2}{\376\377\000K\000a\000r\000m\000a\000y\000o\000g\000a\000\040\000i\000n\000\040\000t\000h\000e\000\040\000Y\000o\000g\000a\000s\000i\000d\000d\000h\001\001\000n\000t\000a\000c\000a\000n\000d\000r\000i\000k\001\001}{section.2.7}% 64
\BOOKMARK [2][-]{subsection.2.7.3}{\376\377\000K\000a\000r\000m\000a\000y\000o\000g\000a\000\040\000i\000n\000\040\000t\000h\000e\000\040\000c\000o\000m\000p\000l\000e\000x\000\040\000e\000a\000r\000l\000y\000\040\000m\000o\000d\000e\000r\000n\000\040\000Y\000o\000g\000a\000\040\000t\000a\000x\000o\000n\000o\000m\000i\000e\000s}{section.2.7}% 65
\BOOKMARK [1][-]{section.2.8}{\376\377\000L\000a\000y\000a\000y\000o\000g\000a}{chapter.2}% 66
\BOOKMARK [2][-]{subsection.2.8.1}{\376\377\000L\000a\000y\000a\000y\000o\000g\000a\000\040\000i\000n\000\040\000t\000h\000e\000\040\000Y\000o\000g\000a\000s\000i\000d\000d\000h\001\001\000n\000t\000a\000c\000a\000n\000d\000r\000i\000k\001\001}{section.2.8}% 67
\BOOKMARK [2][-]{subsection.2.8.2}{\376\377\000L\000a\000y\000a\000y\000o\000g\000a\000\040\000i\000n\000\040\000t\000h\000e\000\040\000S\000a\000r\000v\001\001\036\105\000g\000a\000y\000o\000g\000a\000p\000r\000a\000d\001\053\000p\000i\000k\001\001}{section.2.8}% 68
\BOOKMARK [2][-]{subsection.2.8.3}{\376\377\000L\000a\000y\000a\000y\000o\000g\000a\000\040\000i\000n\000\040\000t\000h\000e\000\040\000c\000o\000m\000p\000l\000e\000x\000\040\000e\000a\000r\000l\000y\000\040\000m\000o\000d\000e\000r\000n\000\040\000Y\000o\000g\000a\000\040\000t\000a\000x\000o\000n\000o\000m\000i\000e\000s}{section.2.8}% 69
\BOOKMARK [1][-]{section.2.9}{\376\377\000D\000h\000y\001\001\000n\000a\000y\000o\000g\000a}{chapter.2}% 70
\BOOKMARK [2][-]{subsection.2.9.1}{\376\377\000D\000h\000y\001\001\000n\000a\000y\000o\000g\000a\000\040\000i\000n\000\040\000t\000h\000e\000\040\000Y\000o\000g\000a\000s\000i\000d\000d\000h\001\001\000n\000t\000a\000c\000a\000n\000d\000r\000i\000k\001\001}{section.2.9}% 71
\BOOKMARK [2][-]{subsection.2.9.2}{\376\377\000D\000h\000y\001\001\000n\000a\000y\000o\000g\000a\000\040\000i\000n\000\040\000t\000h\000e\000\040\000Y\000o\000g\000a\000t\000a\000t\000t\000v\000a\000b\000i\000n\000d\000u\000\040\000a\000n\000d\000\040\000Y\000o\000g\000a\000s\000v\000a\000r\000o\000d\000a\000y\000a}{section.2.9}% 72
\BOOKMARK [2][-]{subsection.2.9.3}{\376\377\000D\000h\000y\001\001\000n\000a\000y\000o\000g\000a\000\040\000i\000n\000\040\000t\000h\000e\000\040\000c\000o\000m\000p\000l\000e\000x\000\040\000e\000a\000r\000l\000y\000\040\000m\000o\000d\000e\000r\000n\000\040\000Y\000o\000g\000a\000\040\000t\000a\000x\000o\000n\000o\000m\000i\000e\000s}{section.2.9}% 73
\BOOKMARK [1][-]{section.2.10}{\376\377\000M\000a\000n\000t\000r\000a\000y\000o\000g\000a}{chapter.2}% 74
\BOOKMARK [2][-]{subsection.2.10.1}{\376\377\000M\000a\000n\000t\000r\000a\000y\000o\000g\000a\000\040\000i\000n\000\040\000t\000h\000e\000\040\000Y\000o\000g\000a\000t\000a\000t\000t\000v\000a\000b\000i\000n\000d\000u\000\040\000a\000n\000d\000\040\000Y\000o\000g\000a\000s\000v\000a\000r\000o\000d\000a\000y\000a}{section.2.10}% 75
\BOOKMARK [2][-]{subsection.2.10.2}{\376\377\000M\000a\000n\000t\000r\000a\000y\000o\000g\000a\000\040\000i\000n\000\040\000t\000h\000e\000\040\000Y\000o\000g\000a\000s\000i\000d\000d\000h\001\001\000n\000t\000a\000c\000a\000n\000d\000r\000i\000k\001\001}{section.2.10}% 76
\BOOKMARK [2][-]{subsection.2.10.3}{\376\377\000M\000a\000n\000t\000r\000a\000y\000o\000g\000a\000\040\000i\000n\000\040\000t\000h\000e\000\040\000S\000a\000r\000v\001\001\036\105\000g\000a\000y\000o\000g\000a\000p\000r\000a\000d\001\053\000p\000i\000k\001\001}{section.2.10}% 77
\BOOKMARK [2][-]{subsection.2.10.4}{\376\377\000M\000a\000n\000t\000r\000a\000y\000o\000g\000a\000\040\000i\000n\000\040\000t\000h\000e\000\040\000c\000o\000m\000p\000l\000e\000x\000\040\000e\000a\000r\000l\000y\000\040\000m\000o\000d\000e\000r\000n\000\040\000Y\000o\000g\000a\000\040\000t\000a\000x\000o\000n\000o\000m\000i\000e\000s}{section.2.10}% 78
\BOOKMARK [1][-]{section.2.11}{\376\377\000L\000a\000k\036\143\000y\000a\000y\000o\000g\000a}{chapter.2}% 79
\BOOKMARK [2][-]{subsection.2.11.1}{\376\377\000L\000a\000k\036\143\000y\000a\000y\000o\000g\000a\000\040\000i\000n\000\040\000t\000h\000e\000\040\000Y\000o\000g\000a\000t\000a\000t\000t\000v\000a\000b\000i\000n\000d\000u\000,\000\040\000Y\000o\000g\000a\000s\000v\000a\000r\000o\000d\000a\000y\000a\000\040\000a\000n\000d\000\040\000S\000a\000r\000v\001\001\036\105\000g\000a\000y\000o\000g\000a\000p\000r\000a\000d\001\053\000p\000i\000k\001\001}{section.2.11}% 80
\BOOKMARK [3][-]{subsubsection.2.11.1.1}{\376\377\001\152\000r\000d\000h\000v\000a\000l\000a\000k\036\143\000y\000a}{subsection.2.11.1}% 81
\BOOKMARK [3][-]{subsubsection.2.11.1.2}{\376\377\000A\000d\000h\000o\000l\000a\000k\036\143\000y\000a}{subsection.2.11.1}% 82
\BOOKMARK [3][-]{subsubsection.2.11.1.3}{\376\377\000B\001\001\000h\000y\000a\000l\000a\000k\036\143\000y\000a}{subsection.2.11.1}% 83
\BOOKMARK [3][-]{subsubsection.2.11.1.4}{\376\377\000A\000n\000t\000a\000r\000\050\000a\000\051\000l\000a\000k\036\143\000y\000a}{subsection.2.11.1}% 84
\BOOKMARK [3][-]{subsubsection.2.11.1.5}{\376\377\000M\000a\000d\000h\000y\000a\000l\000a\000k\036\143\000y\000a}{subsection.2.11.1}% 85
\BOOKMARK [2][-]{subsection.2.11.2}{\376\377\000L\000a\000k\036\143\000y\000a\000y\000o\000g\000a\000\040\000i\000n\000\040\000t\000h\000e\000\040\000Y\000o\000g\000a\000s\000i\000d\000d\000h\001\001\000n\000t\000a\000c\000a\000n\000d\000r\000i\000k\001\001}{section.2.11}% 86
\BOOKMARK [2][-]{subsection.2.11.3}{\376\377\000L\000a\000k\036\143\000y\000a\000y\000o\000g\000a\000\040\000i\000n\000\040\000t\000h\000e\000\040\000c\000o\000m\000p\000l\000e\000x\000\040\000e\000a\000r\000l\000y\000\040\000m\000o\000d\000e\000r\000n\000\040\000Y\000o\000g\000a\000\040\000t\000a\000x\000o\000n\000o\000m\000i\000e\000s}{section.2.11}% 87
\BOOKMARK [1][-]{section.2.12}{\376\377\000V\001\001\000s\000a\000n\001\001\000y\000o\000g\000a}{chapter.2}% 88
\BOOKMARK [2][-]{subsection.2.12.1}{\376\377\000T\000h\000e\000\040\000t\000e\000r\000m\000\040\000v\001\001\000s\000a\000n\001\001\000\040\000i\000n\000\040\000Y\000o\000g\000a\000t\000a\000t\000t\000v\000a\000b\000i\000n\000d\000u\000\040\000a\000n\000d\000\040\000Y\000o\000g\000a\000s\000v\000a\000r\000o\000d\000a\000y\000a}{section.2.12}% 89
\BOOKMARK [2][-]{subsection.2.12.2}{\376\377\000V\001\001\000s\000a\000n\001\001\000y\000o\000g\000a\000\040\000i\000n\000\040\000t\000h\000e\000\040\000Y\000o\000g\000a\000s\000i\000d\000d\000h\001\001\000n\000t\000a\000c\000a\000n\000d\000r\000i\000k\001\001}{section.2.12}% 90
\BOOKMARK [2][-]{subsection.2.12.3}{\376\377\000V\001\001\000s\000a\000n\001\001\000y\000o\000g\000a\000\040\000i\000n\000\040\000t\000h\000e\000\040\000c\000o\000m\000p\000l\000e\000x\000\040\000e\000a\000r\000l\000y\000\040\000m\000o\000d\000e\000r\000n\000\040\000Y\000o\000g\000a\000\040\000t\000a\000x\000o\000n\000o\000m\000i\000e\000s}{section.2.12}% 91
\BOOKMARK [1][-]{section.2.13}{\376\377\001\132\000i\000v\000a\000y\000o\000g\000a}{chapter.2}% 92
\BOOKMARK [2][-]{subsection.2.13.1}{\376\377\001\132\000i\000v\000a\000y\000o\000g\000a\000\040\000i\000n\000\040\000t\000h\000e\000\040\000Y\000o\000g\000a\000s\000v\000a\000r\000o\000d\000a\000y\000a\000\040\000a\000n\000d\000\040\000Y\000o\000g\000a\000t\000a\000t\000t\000v\000a\000b\000i\000n\000d\000u\000?}{section.2.13}% 93
\BOOKMARK [2][-]{subsection.2.13.2}{\376\377\001\132\000i\000v\000a\000y\000o\000g\000a\000\040\000i\000n\000\040\000t\000h\000e\000\040\000Y\000o\000g\000a\000s\000i\000d\000d\000h\001\001\000n\000t\000a\000c\000a\000n\000d\000r\000i\000k\001\001}{section.2.13}% 94
\BOOKMARK [2][-]{subsection.2.13.3}{\376\377\001\132\000i\000v\000a\000y\000o\000g\000a\000\040\000i\000n\000\040\000t\000h\000e\000\040\000c\000o\000m\000p\000l\000e\000x\000\040\000e\000a\000r\000l\000y\000\040\000m\000o\000d\000e\000r\000n\000\040\000Y\000o\000g\000a\000\040\000t\000a\000x\000o\000n\000o\000m\000i\000e\000s}{section.2.13}% 95
\BOOKMARK [1][-]{section.2.14}{\376\377\000B\000r\000a\000h\000m\000a\000y\000o\000g\000a}{chapter.2}% 96
\BOOKMARK [2][-]{subsection.2.14.1}{\376\377\000B\000r\000a\000h\000m\000a\000y\000o\000g\000a\000\040\000i\000n\000\040\000t\000h\000e\000\040\000Y\000o\000g\000a\000s\000i\000d\000d\000h\001\001\000n\000t\000a\000c\000a\000n\000d\000r\000i\000k\001\001}{section.2.14}% 97
\BOOKMARK [2][-]{subsection.2.14.2}{\376\377\000B\000r\000a\000h\000m\000a\000y\000o\000g\000a\000\040\000i\000n\000\040\000t\000h\000e\000\040\000S\000a\000r\000v\001\001\036\105\000g\000a\000y\000o\000g\000a\000p\000r\000a\000d\001\053\000p\000i\000k\001\001}{section.2.14}% 98
\BOOKMARK [2][-]{subsection.2.14.3}{\376\377\000B\000r\000a\000h\000m\000a\000y\000o\000g\000a\000\040\000i\000n\000\040\000t\000h\000e\000\040\000c\000o\000m\000p\000l\000e\000x\000\040\000e\000a\000r\000l\000y\000\040\000m\000o\000d\000e\000r\000n\000\040\000Y\000o\000g\000a\000\040\000t\000a\000x\000o\000n\000o\000m\000i\000e\000s}{section.2.14}% 99
\BOOKMARK [1][-]{section.2.15}{\376\377\000A\000d\000v\000a\000i\000t\000a\000y\000o\000g\000a}{chapter.2}% 100
\BOOKMARK [2][-]{subsection.2.15.1}{\376\377\000A\000d\000v\000a\000i\000t\000a\000y\000o\000g\000a\000\040\000i\000n\000\040\000t\000h\000e\000\040\000S\000a\000r\000v\001\001\036\105\000g\000a\000y\000o\000g\000a\000p\000r\000a\000d\001\053\000p\000i\000k\001\001}{section.2.15}% 101
\BOOKMARK [2][-]{subsection.2.15.2}{\376\377\000A\000d\000v\000a\000i\000t\000a\000y\000o\000g\000a\000\040\000i\000n\000\040\000t\000h\000e\000\040\000c\000o\000m\000p\000l\000e\000x\000\040\000e\000a\000r\000l\000y\000\040\000m\000o\000d\000e\000r\000n\000\040\000Y\000o\000g\000a\000\040\000t\000a\000x\000o\000n\000o\000m\000i\000e\000s}{section.2.15}% 102
\BOOKMARK [1][-]{section.2.16}{\376\377\000S\000i\000d\000d\000h\000a\000y\000o\000g\000a}{chapter.2}% 103
\BOOKMARK [2][-]{subsection.2.16.1}{\376\377\000S\000i\000d\000d\000h\000a\000k\000u\036\107\036\015\000a\000l\000i\000n\001\053\000y\000o\000g\000a\000\040\000a\000n\000d\000\040\000S\000i\000d\000d\000h\000a\000y\000o\000g\000a\000\040\000i\000n\000\040\000t\000h\000e\000\040\000Y\000o\000g\000a\000t\000a\000t\000t\000v\000a\000b\000i\000n\000d\000u}{section.2.16}% 104
\BOOKMARK [2][-]{subsection.2.16.2}{\376\377\000S\000i\000d\000d\000h\000i\000y\000o\000g\000a\000\040\000i\000n\000\040\000t\000h\000e\000\040\000Y\000o\000g\000a\000s\000i\000d\000d\000h\001\001\000n\000t\000a\000c\000a\000n\000d\000r\000i\000k\001\001}{section.2.16}% 105
\BOOKMARK [2][-]{subsection.2.16.3}{\376\377\000S\000i\000d\000d\000h\000a\000y\000o\000g\000a\000\040\000i\000n\000\040\000t\000h\000e\000\040\000c\000o\000m\000p\000l\000e\000x\000\040\000e\000a\000r\000l\000y\000\040\000m\000o\000d\000e\000r\000n\000\040\000Y\000o\000g\000a\000\040\000t\000a\000x\000o\000n\000o\000m\000i\000e\000s}{section.2.16}% 106
\BOOKMARK [1][-]{section.2.17}{\376\377\000R\001\001\000j\000a\000y\000o\000g\000a}{chapter.2}% 107
\BOOKMARK [2][-]{subsection.2.17.1}{\376\377\000R\001\001\000j\000a\000y\000o\000g\000a\000\040\000i\000n\000\040\000t\000h\000e\000\040\000Y\000o\000g\000a\000t\000a\000t\000t\000v\000a\000b\000i\000n\000d\000u}{section.2.17}% 108
\BOOKMARK [2][-]{subsection.2.17.2}{\376\377\000R\001\001\000j\000a\000y\000o\000g\000a\000\040\000i\000n\000\040\000t\000h\000e\000\040\000Y\000o\000g\000a\000s\000v\000a\000r\000o\000d\000a\000y\000a}{section.2.17}% 109
\BOOKMARK [2][-]{subsection.2.17.3}{\376\377\000R\001\001\000j\000a\000y\000o\000g\000a\000\040\000i\000n\000\040\000t\000h\000e\000\040\000Y\000o\000g\000a\000s\000i\000d\000d\000h\001\001\000n\000t\000a\000c\000a\000n\000d\000r\000i\000k\001\001}{section.2.17}% 110
\BOOKMARK [2][-]{subsection.2.17.4}{\376\377\000R\001\001\000j\000a\000y\000o\000g\000a\000\040\000i\000n\000\040\000t\000h\000e\000\040\000S\000a\000r\000v\001\001\036\105\000g\000a\000y\000o\000g\000a\000p\000r\000a\000d\001\053\000p\000i\000k\001\001}{section.2.17}% 111
\BOOKMARK [2][-]{subsection.2.17.5}{\376\377\000R\001\001\000j\000a\000y\000o\000g\000a\000\040\000i\000n\000\040\000t\000h\000e\000\040\000c\000o\000m\000p\000l\000e\000x\000\040\000e\000a\000r\000l\000y\000\040\000m\000o\000d\000e\000r\000n\000\040\000Y\000o\000g\000a\000\040\000t\000a\000x\000o\000n\000o\000m\000i\000e\000s}{section.2.17}% 112
\BOOKMARK [1][-]{section.2.18}{\376\377\000O\000t\000h\000e\000r\000\040\000Y\000o\000g\000a\000s}{chapter.2}% 113
\BOOKMARK [2][-]{subsection.2.18.1}{\376\377\000B\000h\000a\000k\000t\000i\000y\000o\000g\000a}{section.2.18}% 114
\BOOKMARK [3][-]{subsubsection.2.18.1.1}{\376\377\000P\000r\000e\000m\000a\000b\000h\000a\000k\000t\000i\000y\000o\000g\000a\000\040\000i\000n\000\040\000t\000h\000e\000\040\000Y\000o\000g\000a\000s\000i\000d\000d\000h\001\001\000n\000t\000a\000c\000a\000n\000r\000i\000k\001\001}{subsection.2.18.1}% 115
\BOOKMARK [3][-]{subsubsection.2.18.1.2}{\376\377\000B\000h\000a\000k\000t\000i\000y\000o\000g\000a\000\040\000i\000n\000\040\000t\000h\000e\000\040\000S\000a\000r\000v\001\001\036\105\000g\000a\000y\000o\000g\000a\000p\000r\000a\000d\001\053\000p\000i\000k\001\001}{subsection.2.18.1}% 116
\BOOKMARK [2][-]{subsection.2.18.2}{\376\377\000B\000h\000a\000k\000t\000i\000y\000o\000g\000a\000\040\000i\000n\000\040\000t\000h\000e\000\040\000c\000o\000m\000p\000l\000e\000x\000\040\000e\000a\000r\000l\000y\000\040\000m\000o\000d\000e\000r\000n\000\040\000Y\000o\000g\000a\000\040\000t\000a\000x\000o\000n\000o\000m\000i\000e\000s}{section.2.18}% 117
\BOOKMARK [2][-]{subsection.2.18.3}{\376\377\000A\036\143\036\155\001\001\036\105\000g\000a\000y\000o\000g\000a}{section.2.18}% 118
\BOOKMARK [3][-]{subsubsection.2.18.3.1}{\376\377\000A\036\143\036\155\001\001\036\105\000g\000a\000y\000o\000g\000a\000\040\000i\000n\000\040\000t\000h\000e\000\040\000Y\000o\000g\000a\000t\000a\000t\000t\000v\000a\000b\000i\000n\000d\000u\000\040\000a\000n\000d\000\040\000Y\000o\000g\000a\000s\000v\000a\000r\000o\000d\000a\000y\000a}{subsection.2.18.3}% 119
\BOOKMARK [3][-]{subsubsection.2.18.3.2}{\376\377\000A\036\143\036\155\001\001\036\105\000g\000a\000y\000o\000g\000a\000\040\000i\000n\000\040\000t\000h\000e\000\040\000S\000a\000r\000v\001\001\036\105\000g\000a\000y\000o\000g\000a\000p\000r\000a\000d\001\053\000p\000i\000k\001\001}{subsection.2.18.3}% 120
\BOOKMARK [2][-]{subsection.2.18.4}{\376\377\000A\036\143\036\155\001\001\036\105\000g\000a\000y\000o\000g\000a\000\040\000i\000n\000\040\000t\000h\000e\000\040\000c\000o\000m\000p\000l\000e\000x\000\040\000e\000a\000r\000l\000y\000\040\000m\000o\000d\000e\000r\000n\000\040\000Y\000o\000g\000a\000\040\000t\000a\000x\000o\000n\000o\000m\000i\000e\000s}{section.2.18}% 121
\BOOKMARK [2][-]{subsection.2.18.5}{\376\377\000S\001\001\036\103\000k\000h\000y\000a\000y\000o\000g\000a}{section.2.18}% 122
\BOOKMARK [2][-]{subsection.2.18.6}{\376\377\000S\000a\000t\000y\000a\000y\000o\000g\000a}{section.2.18}% 123
\BOOKMARK [2][-]{subsection.2.18.7}{\376\377\000S\000a\000h\000a\000j\000a\000y\000o\000g\000a}{section.2.18}% 124
\BOOKMARK [1][-]{section.2.19}{\376\377\000C\000o\000n\000c\000l\000u\000s\000i\000o\000n}{chapter.2}% 125
\BOOKMARK [0][-]{chapter.3}{\376\377\000A\000p\000p\000e\000n\000d\000i\000x}{}% 126
\BOOKMARK [1][-]{section.3.1}{\376\377\000F\000i\000g\000u\000r\000e\000s}{chapter.3}% 127
\BOOKMARK [0][-]{chapter.4}{\376\377\000B\000i\000b\000l\000i\000o\000g\000r\000a\000p\000h\000y}{}% 128
\BOOKMARK [1][-]{section*.10}{\376\377\000C\000o\000n\000s\000u\000l\000t\000e\000d\000\040\000M\000a\000n\000u\000s\000c\000r\000i\000p\000t\000s}{chapter.4}% 129
\BOOKMARK [1][-]{section*.12}{\376\377\000P\000r\000i\000n\000t\000e\000d\000\040\000E\000d\000i\000t\000i\000o\000n\000s}{chapter.4}% 130
\BOOKMARK [1][-]{section*.14}{\376\377\000S\000e\000c\000o\000n\000d\000a\000r\000y\000\040\000L\000i\000t\000e\000r\000a\000t\000u\000r\000e}{chapter.4}% 131
\BOOKMARK [1][-]{section*.16}{\376\377\000O\000n\000l\000i\000n\000e\000\040\000S\000o\000u\000r\000c\000e\000s}{chapter.4}% 132
